get image info the id = 1
get all pic imfoDo SQL failed! MySQL server has gone away
select failed!
get image info the id = 1
Do SQL failed! MySQL server has gone away
databases select failed!
get image info the id = 1
Do SQL failed! MySQL server has gone away
databases select failed!
get image info the id = 6
Do SQL failed! MySQL server has gone away
databases select failed!
get image info the id = 6
Do SQL failed! MySQL server has gone away
databases select failed!
get image info the id = 6
Do SQL failed! MySQL server has gone away
databases select failed!
get all pic imfoDo SQL failed! MySQL server has gone away
select failed!
get all pic imfoDo SQL failed! MySQL server has gone away
select failed!
get image info the id = 4
Do SQL failed! MySQL server has gone away
databases select failed!
get image info the id = 4
Do SQL failed! MySQL server has gone away
databases select failed!
get image info the id = 4
Do SQL failed! MySQL server has gone away
databases select failed!
get image info the id = 2
Do SQL failed! MySQL server has gone away
databases select failed!
get image info the id = 2
Do SQL failed! MySQL server has gone away
databases select failed!
get image info the id = 2
Do SQL failed! MySQL server has gone away
databases select failed!
get image info the id = 2
Do SQL failed! MySQL server has gone away
databases select failed!
get image info the id = 2
Do SQL failed! MySQL server has gone away
databases select failed!
get image info the id = 1
Do SQL failed! MySQL server has gone away
databases select failed!
get image info the id = 1
Do SQL failed! MySQL server has gone away
databases select failed!
get image info the id = 1
Do SQL failed! MySQL server has gone away
databases select failed!
get image info the id = 1
Do SQL failed! MySQL server has gone away
databases select failed!
get all pic imfoDo SQL failed! MySQL server has gone away
select failed!
get all pic imfoDo SQL failed! MySQL server has gone away
select failed!
get all pic imfoDo SQL failed! MySQL server has gone away
select failed!
get all pic imfoDo SQL failed! MySQL server has gone away
select failed!
get image info the id = 1
Do SQL failed! MySQL server has gone away
databases select failed!
get image info the id = 1
Do SQL failed! MySQL server has gone away
databases select failed!
get image info the id = 1
Do SQL failed! MySQL server has gone away
databases select failed!
get all pic imfoDo SQL failed! MySQL server has gone away
select failed!
get image info the id = 1
Do SQL failed! MySQL server has gone away
databases select failed!
get image info the id = 1
Do SQL failed! MySQL server has gone away
databases select failed!
get image info the id = 1
Do SQL failed! MySQL server has gone away
databases select failed!
get all pic imfoDo SQL failed! MySQL server has gone away
select failed!
get image info the id = 1
Do SQL failed! MySQL server has gone away
databases select failed!
get all pic imfoDo SQL failed! MySQL server has gone away
select failed!
get all pic imfoDo SQL failed! MySQL server has gone away
select failed!
get all pic imfoDo SQL failed! MySQL server has gone away
select failed!
get all pic imfoDo SQL failed! MySQL server has gone away
select failed!
get image info the id = 1
Do SQL failed! MySQL server has gone away
databases select failed!
get all pic imfoDo SQL failed! MySQL server has gone away
select failed!
get all pic imfoDo SQL failed! MySQL server has gone away
select failed!
get all pic imfoDo SQL failed! MySQL server has gone away
select failed!
get all pic imfoDo SQL failed! MySQL server has gone away
select failed!
get all pic imfoDo SQL failed! MySQL server has gone away
select failed!
get all pic imfoDo SQL failed! MySQL server has gone away
select failed!
get image info the id = 1
Do SQL failed! MySQL server has gone away
databases select failed!
get image info the id = 1
Do SQL failed! MySQL server has gone away
databases select failed!
get all pic imfoDo SQL failed! MySQL server has gone away
select failed!
get image info the id = 1
Do SQL failed! MySQL server has gone away
databases select failed!
get imget image info the id = 1
get image info the id = 2
get all pic imfo
upload images
[Insert sql] insert into image_table values(NULL,'Blizzard-Logo.jpg','70431','2018/08/31','ksihere','image/jpeg','./pic/Blizzard-Logo.jpg')
get image info the id = 3
get all pic imfo
get image info the id = 1
Do SQL failed! MySQL server has gone away
databases select failed!
get all pic imfo
Do SQL failed! MySQL server has gone away
select failed!
get all pic imfo
Do SQL failed! MySQL server has gone away
select failed!
get all pic imfo
Do SQL failed! MySQL server has gone away
select failed!
get all pic imfo
Do SQL failed! MySQL server has gone away
select failed!
get all pic imfo
Do SQL failed! MySQL server has gone away
select failed!
get image info the id = 1
Do SQL failed! MySQL server has gone away
databases select failed!
get image info the id = 1
Do SQL failed! MySQL server has gone away
databases select failed!
get all pic imfo
Do SQL failed! MySQL server has gone away
select failed!
get image info the id = 1
Do SQL failed! MySQL server has gone away
databases select failed!
get image info the id = 1
Do SQL failed! MySQL server has gone away
databases select failed!
get image info the id = 1
Do SQL failed! MySQL server has gone away
databases select failed!
get image info the id = 1
Do SQL failed! MySQL server has gone away
databases select failed!
get image info the id = 1
Do SQL failed! MySQL server has gone away
databases select failed!
get image info the id = 1
Do SQL failed! MySQL server has gone away
databases select failed!
get image info the id = 1
Do SQL failed! MySQL server has gone away
databases select failed!
get image info the id = 1
Do SQL failed! MySQL server has gone away
databases select failed!
get image info the id = 1
Do SQL failed! MySQL server has gone away
databases select failed!
get image info the id = 1
Do SQL failed! MySQL server has gone away
databases select failed!
get image info the id = 1
Do SQL failed! MySQL server has gone away
databases select failed!
get image info the id = 1
Do SQL failed! MySQL server has gone away
databases select failed!
get all pic imfo
Do SQL failed! MySQL server has gone away
select failed!
get image info the id = 1
Do SQL failed! MySQL server has gone away
databases select failed!
get image info the id = 1
Do SQL failed! MySQL server has gone away
databases select failed!
get image info the id = 1
Do SQL failed! MySQL server has gone away
databases select failed!
get image info the id = 1
Do SQL failed! MySQL server has gone away
databases select failed!
get image info the id = 1
Do SQL failed! MySQL server has gone away
databases select failed!
get all pic imfo
Do SQL failed! MySQL server has gone away
select failed!
get image info the id = 1
Do SQL failed! MySQL server has gone away
databases select failed!
get all pic imfo
Do SQL failed! MySQL server has gone away
select failed!
get all pic imfo
Do SQL failed! MySQL server has gone away
select failed!
get image info the id = 1
Do SQL failed! MySQL server has gone away
databases select failed!
get image info the id = 1
Do SQL failed! MySQL server has gone away
databases select failed!
get image info the id = 1
Do SQL failed! MySQL server has gone away
databases select failed!
get image info the id = 1
Do SQL failed! MySQL server has gone away
databases select failed!
get all pic imfo
Do SQL failed! MySQL server has gone away
select failed!
get all pic imfo
Do SQL failed! MySQL server has gone away
select failed!
get all pic imfo
Do SQL failed! MySQL server has gone away
select failed!
get image info the id = 1
Do SQL failed! MySQL server has gone away
databases select failed!
get image info the id = 1
Do SQL failed! MySQL server has gone away
databases select failed!
get image info the id = 1
Do SQL failed! MySQL server has gone away
databases select failed!
get all pic imfo
Do SQL failed! MySQL server has gone away
select failed!
get image info the id = 1
Do SQL failed! MySQL server has gone away
databases select failed!
get image info the id = 1
Do SQL failed! MySQL server has gone away
databases select failed!
get 